Rules useless in parser due to conflicts

    5 E: Consonant
    6  | Vowel


State 1 conflicts: 1 reduce/reduce
State 2 conflicts: 1 reduce/reduce


Grammar

    0 $accept: S $end

    1 S: E Ternimal

    2 E: %empty
    3  | Consonant E
    4  | Vowel E
    5  | Consonant
    6  | Vowel


Terminals, with rules where they appear

    $end (0) 0
    error (256)
    Consonant (258) 3 5
    Vowel (259) 4 6
    Ternimal (260) 1


Nonterminals, with rules where they appear

    $accept (6)
        on left: 0
    S (7)
        on left: 1
        on right: 0
    E (8)
        on left: 2 3 4 5 6
        on right: 1 3 4


State 0

    0 $accept: . S $end

    Consonant  shift, and go to state 1
    Vowel      shift, and go to state 2

    $default  reduce using rule 2 (E)

    S  go to state 3
    E  go to state 4


State 1

    3 E: Consonant . E
    5  | Consonant .

    Consonant  shift, and go to state 1
    Vowel      shift, and go to state 2

    Ternimal  reduce using rule 2 (E)
    Ternimal  [reduce using rule 5 (E)]
    $default  reduce using rule 2 (E)

    E  go to state 5


State 2

    4 E: Vowel . E
    6  | Vowel .

    Consonant  shift, and go to state 1
    Vowel      shift, and go to state 2

    Ternimal  reduce using rule 2 (E)
    Ternimal  [reduce using rule 6 (E)]
    $default  reduce using rule 2 (E)

    E  go to state 6


State 3

    0 $accept: S . $end

    $end  shift, and go to state 7


State 4

    1 S: E . Ternimal

    Ternimal  shift, and go to state 8


State 5

    3 E: Consonant E .

    $default  reduce using rule 3 (E)


State 6

    4 E: Vowel E .

    $default  reduce using rule 4 (E)


State 7

    0 $accept: S $end .

    $default  accept


State 8

    1 S: E Ternimal .

    $default  reduce using rule 1 (S)
